<?xml version="1.0" encoding="UTF-8"?>
<!-- Generated by org.testng.reporters.JUnitXMLReporter -->
<testsuite hostname="jynath99" ignored="0" name="Hub Spot Functional Regression Test" tests="3" failures="0" timestamp="26 Aug 2020 12:36:15 GMT" time="22.081" errors="0">
  <testcase name="verifyHomePageHeaderTest" time="0.262" classname="com.qa.hubspot.tests.HomePageTest"/>
  <testcase name="verifyHomePageTitleTest" time="0.015" classname="com.qa.hubspot.tests.HomePageTest"/>
  <testcase name="verifyLoggedInUserTest" time="0.076" classname="com.qa.hubspot.tests.HomePageTest"/>
</testsuite> <!-- Hub Spot Functional Regression Test -->
