<?xml version="1.0" encoding="UTF-8"?>
<!-- Generated by org.testng.reporters.JUnitXMLReporter -->
<testsuite hostname="jynath99" ignored="1" name="HubSpot Functional Regression LoginPage" tests="3" failures="1" timestamp="2020-09-17T23:49:20 IST" time="64.271" errors="0">
  <testcase name="verifyLoginPageTest" time="8.125" classname="com.qa.hubspot.tests.LoginPageTest"/>
  <testcase name="verifySignUpLinkTest" time="20.376" classname="com.qa.hubspot.tests.LoginPageTest">
    <failure type="org.openqa.selenium.TimeoutException" message="Expected condition failed: waiting for presence of element located by: By.linkText: Sign up1111 (tried for 20 second(s) with 500 milliseconds interval)">
      <![CDATA[org.openqa.selenium.TimeoutException: Expected condition failed: waiting for presence of element located by: By.linkText: Sign up1111 (tried for 20 second(s) with 500 milliseconds interval)
at org.openqa.selenium.support.ui.WebDriverWait.timeoutException(WebDriverWait.java:95)
at org.openqa.selenium.support.ui.FluentWait.until(FluentWait.java:272)
at com.qa.hubspot.util.ElementUtil.waitForElementPresent(ElementUtil.java:33)
at com.qa.hubspot.page.LoginPage.checkSignUpLink(LoginPage.java:40)
at com.qa.hubspot.tests.LoginPageTest.verifySignUpLinkTest(LoginPageTest.java:60)
at java.util.ArrayList.forEach(Unknown Source)
Caused by: org.openqa.selenium.NoSuchElementException: no such element: Unable to locate element: {"method":"link text","selector":"Sign up1111"}
  (Session info: chrome=85.0.4183.102)
For documentation on this error, please visit: https://www.seleniumhq.org/exceptions/no_such_element.html
Build info: version: '3.141.59', revision: 'e82be7d358', time: '2018-11-14T08:17:03'
System info: host: 'JYNATH99', ip: '192.168.43.67', os.name: 'Windows 10', os.arch: 'amd64', os.version: '10.0', java.version: '1.8.0_211'
Driver info: org.openqa.selenium.chrome.ChromeDriver
Capabilities {acceptInsecureCerts: false, browserName: chrome, browserVersion: 85.0.4183.102, chrome: {chromedriverVersion: 85.0.4183.87 (cd6713ebf92fa..., userDataDir: C:\Users\JYOTIR~1\AppData\L...}, goog:chromeOptions: {debuggerAddress: localhost:61843}, javascriptEnabled: true, networkConnectionEnabled: false, pageLoadStrategy: normal, platform: WINDOWS, platformName: WINDOWS, proxy: Proxy(), setWindowRect: true, strictFileInteractability: false, timeouts: {implicit: 0, pageLoad: 300000, script: 30000}, unhandledPromptBehavior: dismiss and notify, webauthn:virtualAuthenticators: true}
Session ID: 10fc94fba24fa2c41e5bd3f8ba124228
*** Element info: {Using=link text, value=Sign up1111}
at org.openqa.selenium.remote.http.W3CHttpResponseCodec.createException(W3CHttpResponseCodec.java:187)
at org.openqa.selenium.remote.http.W3CHttpResponseCodec.decode(W3CHttpResponseCodec.java:122)
at org.openqa.selenium.remote.http.W3CHttpResponseCodec.decode(W3CHttpResponseCodec.java:49)
at org.openqa.selenium.remote.HttpCommandExecutor.execute(HttpCommandExecutor.java:158)
at org.openqa.selenium.remote.service.DriverCommandExecutor.execute(DriverCommandExecutor.java:83)
at org.openqa.selenium.remote.RemoteWebDriver.execute(RemoteWebDriver.java:552)
at org.openqa.selenium.remote.RemoteWebDriver.findElement(RemoteWebDriver.java:323)
at org.openqa.selenium.remote.RemoteWebDriver.findElementByLinkText(RemoteWebDriver.java:380)
at org.openqa.selenium.By$ByLinkText.findElement(By.java:220)
at org.openqa.selenium.remote.RemoteWebDriver.findElement(RemoteWebDriver.java:315)
at org.openqa.selenium.support.ui.ExpectedConditions$6.apply(ExpectedConditions.java:182)
at org.openqa.selenium.support.ui.ExpectedConditions$6.apply(ExpectedConditions.java:179)
at org.openqa.selenium.support.ui.FluentWait.until(FluentWait.java:249)
... 31 more
... Removed 30 stack frames]]>
    </failure>
  </testcase> <!-- verifySignUpLinkTest -->
  <testcase name="loginTest" time="11.684" classname="com.qa.hubspot.tests.LoginPageTest"/>
  <testcase name="login_InvalidTestCases" time="0.0" classname="com.qa.hubspot.tests.LoginPageTest">
    <ignored/>
  </testcase> <!-- login_InvalidTestCases -->
</testsuite> <!-- HubSpot Functional Regression LoginPage -->
