<?xml version="1.0" encoding="UTF-8"?>
<!-- Generated by org.testng.reporters.JUnitXMLReporter -->
<testsuite hostname="jynath99" ignored="0" name="HubSpot Functional Regression Homepage" tests="3" failures="0" timestamp="29 Aug 2020 14:37:06 GMT" time="18.695" errors="0">
  <testcase name="verifyHomePageHeaderTest" time="5.469" classname="com.qa.hubspot.tests.HomePageTest"/>
  <testcase name="verifyHomePageTitleTest" time="0.047" classname="com.qa.hubspot.tests.HomePageTest"/>
  <testcase name="verifyLoggedInUserTest" time="0.122" classname="com.qa.hubspot.tests.HomePageTest"/>
</testsuite> <!-- HubSpot Functional Regression Homepage -->
