<?xml version="1.0" encoding="UTF-8"?>
<!-- Generated by org.testng.reporters.JUnitXMLReporter -->
<testsuite hostname="jynath99" ignored="1" name="HubSpot Functional Regression Test - FF" tests="6" failures="0" timestamp="2020-09-19T19:50:41 IST" time="70.572" errors="0">
  <testcase name="verifyHomePageTitleTest" time="4.952" classname="com.qa.hubspot.tests.HomePageTest"/>
  <testcase name="verifyHomePageHeaderTest" time="6.719" classname="com.qa.hubspot.tests.HomePageTest"/>
  <testcase name="verifyLoggedInUserTest" time="0.096" classname="com.qa.hubspot.tests.HomePageTest"/>
  <testcase name="verifyLoginPageTest" time="4.092" classname="com.qa.hubspot.tests.LoginPageTest"/>
  <testcase name="verifySignUpLinkTest" time="4.949" classname="com.qa.hubspot.tests.LoginPageTest"/>
  <testcase name="loginTest" time="10.216" classname="com.qa.hubspot.tests.LoginPageTest"/>
  <testcase name="login_InvalidTestCases" time="0.0" classname="com.qa.hubspot.tests.LoginPageTest">
    <ignored/>
  </testcase> <!-- login_InvalidTestCases -->
</testsuite> <!-- HubSpot Functional Regression Test - FF -->
