<?xml version="1.0" encoding="UTF-8"?>
<!-- Generated by org.testng.reporters.JUnitXMLReporter -->
<testsuite hostname="jynath99" ignored="1" name="HubSpot Functional Regression Test - chrome" tests="6" failures="0" timestamp="2020-09-19T19:50:44 IST" time="73.32" errors="0">
  <testcase name="verifyHomePageTitleTest" time="7.144" classname="com.qa.hubspot.tests.HomePageTest"/>
  <testcase name="verifyHomePageHeaderTest" time="0.152" classname="com.qa.hubspot.tests.HomePageTest"/>
  <testcase name="verifyLoggedInUserTest" time="0.25" classname="com.qa.hubspot.tests.HomePageTest"/>
  <testcase name="verifyLoginPageTest" time="6.258" classname="com.qa.hubspot.tests.LoginPageTest"/>
  <testcase name="verifySignUpLinkTest" time="4.804" classname="com.qa.hubspot.tests.LoginPageTest"/>
  <testcase name="loginTest" time="11.081" classname="com.qa.hubspot.tests.LoginPageTest"/>
  <testcase name="login_InvalidTestCases" time="0.0" classname="com.qa.hubspot.tests.LoginPageTest">
    <ignored/>
  </testcase> <!-- login_InvalidTestCases -->
</testsuite> <!-- HubSpot Functional Regression Test - chrome -->
